<?xml version="1.0" encoding="UTF-8"?>
<!-- Generated by org.testng.reporters.JUnitReportReporter -->
<testsuite skipped="0" hostname="HP" name="org.test.login.Facebook" tests="1" failures="0" timestamp="26 Jan 2019 06:32:51 GMT" time="24.685" errors="0">
  <testcase name="beforeClass" time="24.685" classname="org.test.login.Facebook"/>
</testsuite> <!-- org.test.login.Facebook -->
