<?xml version="1.0" encoding="UTF-8"?>
<!-- Generated by org.testng.reporters.JUnitReportReporter -->
<testsuite skipped="0" hostname="HP" name="org.test.login.Employe" tests="2" failures="0" timestamp="05 Jan 2019 10:33:00 GMT" time="0.032" errors="0">
  <testcase name="tess1" time="0.016" classname="org.test.login.Employe"/>
  <testcase name="test2" time="0.016" classname="org.test.login.Employe"/>
</testsuite> <!-- org.test.login.Employe -->
